<?xml version="1.0" encoding="UTF-8"?>
<!-- Generated by org.testng.reporters.JUnitReportReporter -->
<testsuite hostname="DESKTOP-L8P3AKT" failures="0" tests="2" name="com.crm.qa.testcases.LoginPageTest" time="26.031" errors="0" timestamp="2022-07-10T20:58:49 IST" skipped="0">
  <testcase classname="com.crm.qa.testcases.LoginPageTest" name="validateLoginPgTest" time="11.480"/>
  <system-out/>
  <testcase classname="com.crm.qa.testcases.LoginPageTest" name="loginTest" time="14.551"/>
  <system-out/>
</testsuite> <!-- com.crm.qa.testcases.LoginPageTest -->
