<?xml version="1.0" encoding="UTF-8"?>
<!-- Generated by org.testng.reporters.JUnitReportReporter -->
<testsuite hostname="DESKTOP-L8P3AKT" failures="0" tests="4" name="com.crm.qa.testcases.ContactsPageTest" time="104.381" errors="0" timestamp="2022-07-11T17:31:47 IST" skipped="0">
  <testcase classname="com.crm.qa.testcases.ContactsPageTest" name="verifyContactPageLabelTest" time="24.283"/>
  <system-out/>
  <testcase classname="com.crm.qa.testcases.ContactsPageTest" name="selectContact" time="23.242"/>
  <system-out/>
  <testcase classname="com.crm.qa.testcases.ContactsPageTest" name="createNewContactTest" time="29.405"/>
  <system-out/>
  <testcase classname="com.crm.qa.testcases.ContactsPageTest" name="createNewContactTest" time="27.451"/>
  <system-out/>
</testsuite> <!-- com.crm.qa.testcases.ContactsPageTest -->
