<?xml version="1.0" encoding="UTF-8"?>
<!-- Generated by org.testng.reporters.JUnitReportReporter -->
<testsuite hostname="DESKTOP-L8P3AKT" failures="0" tests="3" name="com.crm.qa.utils.DataProviders" time="35.679" errors="0" timestamp="2022-07-25T17:12:04 IST" skipped="0">
  <testcase classname="com.crm.qa.utils.DataProviders" name="search" time="13.423"/>
  <system-out>
    <![CDATA[Keyword entered is : Automation
Search results are displayed.]]>
  </system-out>
  <testcase classname="com.crm.qa.utils.DataProviders" name="search" time="10.580"/>
  <system-out>
    <![CDATA[Keyword entered is : Lambda Test
Search results are displayed.]]>
  </system-out>
  <testcase classname="com.crm.qa.utils.DataProviders" name="search" time="11.676"/>
  <system-out>
    <![CDATA[Keyword entered is : Manual Teseting
Search results are displayed.]]>
  </system-out>
</testsuite> <!-- com.crm.qa.utils.DataProviders -->
