<?xml version="1.0" encoding="UTF-8"?>
<!-- Generated by org.testng.reporters.JUnitReportReporter -->
<testsuite hostname="DESKTOP-L8P3AKT" failures="0" tests="2" name="com.crm.qa.testcases.ContactsPageTest" time="90.312" errors="0" timestamp="2022-07-26T17:39:32 IST" skipped="0">
  <testcase classname="com.crm.qa.testcases.ContactsPageTest" name="createNewContactTest" time="36.406"/>
  <system-out/>
  <testcase classname="com.crm.qa.testcases.ContactsPageTest" name="createNewContactTest" time="53.906"/>
  <system-out/>
</testsuite> <!-- com.crm.qa.testcases.ContactsPageTest -->
