<?xml version="1.0" encoding="UTF-8"?>
<!-- Generated by org.testng.reporters.JUnitReportReporter -->
<testsuite hostname="DESKTOP-L8P3AKT" failures="0" tests="3" name="com.crm.qa.testcases.HomePageTest" time="33.008" errors="0" timestamp="2022-07-10T20:58:49 IST" skipped="0">
  <testcase classname="com.crm.qa.testcases.HomePageTest" name="validatePageTileTest" time="8.977"/>
  <system-out/>
  <testcase classname="com.crm.qa.testcases.HomePageTest" name="imgLogoTest" time="12.362"/>
  <system-out/>
  <testcase classname="com.crm.qa.testcases.HomePageTest" name="clickLoginBtnTest" time="11.669"/>
  <system-out/>
</testsuite> <!-- com.crm.qa.testcases.HomePageTest -->
