<?xml version="1.0" encoding="UTF-8"?>
<!-- Generated by org.testng.reporters.JUnitReportReporter -->
<testsuite hostname="DESKTOP-L8P3AKT" failures="0" tests="3" name="com.crm.qa.testcases.CrmDashboardPageTest" time="55.048" errors="0" timestamp="2022-07-10T22:54:04 IST" skipped="0">
  <testcase classname="com.crm.qa.testcases.CrmDashboardPageTest" name="verifyDashboardTitleTest" time="19.513"/>
  <system-out/>
  <testcase classname="com.crm.qa.testcases.CrmDashboardPageTest" name="verifyUserNameTest" time="16.736"/>
  <system-out/>
  <testcase classname="com.crm.qa.testcases.CrmDashboardPageTest" name="clickOnContactsTest" time="18.799"/>
  <system-out/>
</testsuite> <!-- com.crm.qa.testcases.CrmDashboardPageTest -->
